<?xml version="1.0" encoding="utf-8" standalone="no"?>
<test-run id="2" testcasecount="0" result="Failed" label="Invalid" total="0" passed="0" failed="0" inconclusive="0" skipped="0" asserts="0" engine-version="3.9.0.0" clr-version="4.0.30319.42000" start-time="2018-10-06 12:22:24Z" end-time="2018-10-06 12:22:24Z" duration="0.326181">
  <command-line><![CDATA["C:\Users\admin1\Documents\Visual Studio 2015\Projects\DemoFramework\packages\NUnit.ConsoleRunner.3.9.0\tools\nunit3-console.exe" Debug\DemoFramework.dll]]></command-line>
  <test-suite type="Assembly" id="0-1" name="DemoFramework.dll" fullname="C:\Users\admin1\Documents\Visual Studio 2015\Projects\DemoFramework\packages\NUnit.ConsoleRunner.3.9.0\tools\Debug\DemoFramework.dll" testcasecount="0" runstate="NotRunnable" result="Failed" label="Invalid">
    <properties>
      <property name="_SKIPREASON" value="No suitable tests found in 'C:\Users\admin1\Documents\Visual Studio 2015\Projects\DemoFramework\packages\NUnit.ConsoleRunner.3.9.0\tools\Debug\DemoFramework.dll'.&#xA;Either assembly contains no tests or proper test driver has not been found." />
    </properties>
    <reason>
      <message>No suitable tests found in 'C:\Users\admin1\Documents\Visual Studio 2015\Projects\DemoFramework\packages\NUnit.ConsoleRunner.3.9.0\tools\Debug\DemoFramework.dll'.
Either assembly contains no tests or proper test driver has not been found.</message>
    </reason>
  </test-suite>
</test-run>